<?xml version="1.0" encoding="UTF-8"?>
<!-- Generated by org.testng.reporters.JUnitReportReporter -->
<testsuite hostname="IRCC-PC" name="hello.HelloControllerTest" tests="1" failures="0" timestamp="10 Nov 2016 14:32:48 GMT" time="0.163" errors="0">
  <testcase name="getHello" time="0.163" classname="hello.HelloControllerTest"/>
</testsuite> <!-- hello.HelloControllerTest -->
